Start testing: Mar 08 09:39 CST
----------------------------------------------------------
1/1 Testing: UTest
1/1 Test: UTest
Command: "/home/hzx/MyStudy/OS/FTP/Server/UtilTest"
Directory: /home/hzx/MyStudy/OS/FTP/Server
"UTest" start time: Mar 08 09:39 CST
Output:
----------------------------------------------------------
UtilTest: /home/hzx/MyStudy/OS/FTP/Server/src/test/util/UtilityTest.h:22: static void UtilityTest::testMereString(): Assertion `false' failed.
<end of output>
Test time =   0.11 sec
----------------------------------------------------------
Test Failed.
"UTest" end time: Mar 08 09:39 CST
"UTest" time elapsed: 00:00:00
----------------------------------------------------------

End testing: Mar 08 09:39 CST
